<?xml version="1.0" encoding="windows-1252" standalone="no"?>
<!DOCTYPE log SYSTEM "logger.dtd">
<log>
<record>
  <date>2019-07-11T20:25:28</date>
  <millis>1562869528870</millis>
  <sequence>0</sequence>
  <logger>javafx</logger>
  <level>WARNING</level>
  <class>javafx.fxml.FXMLLoader$ValueElement</class>
  <method>processValue</method>
  <thread>14</thread>
  <message>Loading FXML document with JavaFX API of version 11.0.1 by JavaFX runtime of version 8.0.191</message>
</record>
<record>
  <date>2019-07-11T20:25:39</date>
  <millis>1562869539064</millis>
  <sequence>1</sequence>
  <logger>javafx</logger>
  <level>WARNING</level>
  <class>javafx.fxml.FXMLLoader$ValueElement</class>
  <method>processValue</method>
  <thread>14</thread>
  <message>Loading FXML document with JavaFX API of version 11.0.1 by JavaFX runtime of version 8.0.191</message>
</record>
<record>
  <date>2019-07-11T20:25:47</date>
  <millis>1562869547288</millis>
  <sequence>2</sequence>
  <logger>javafx</logger>
  <level>WARNING</level>
  <class>javafx.fxml.FXMLLoader$ValueElement</class>
  <method>processValue</method>
  <thread>14</thread>
  <message>Loading FXML document with JavaFX API of version 11.0.1 by JavaFX runtime of version 8.0.191</message>
</record>
</log>
